Change Footprint: Cannot match pads with new footprint in component :J4 Footprint:HDR1X2
Added Component: Designator=J3(HDR1X2)
Added Component: Designator=J5(HDR1X2)
Added Component: Designator=J6(HDR1X2)
Added Component: Designator=J7(HDR1X2)
Added Component: Designator=J8(HDR1X2)
Added Component: Designator=J9(HDR1X2)
Add Pin To Net: Unknown Pin: Pin J3-0
Added Pin To Net: NetName=K1- Pin=J3-1
Add Pin To Net: Unknown Pin: Pin J5-0
Added Pin To Net: NetName=K3- Pin=J5-1
Add Pin To Net: Unknown Pin: Pin J6-0
Added Pin To Net: NetName=K6- Pin=J6-1
Add Pin To Net: Unknown Pin: Pin J7-0
Added Pin To Net: NetName=K2- Pin=J7-1
Add Pin To Net: Unknown Pin: Pin J8-0
Added Pin To Net: NetName=K4- Pin=J8-1
Add Pin To Net: Unknown Pin: Pin J9-0
Added Pin To Net: NetName=K6- Pin=J9-1
Added Member To Class: ClassName=Amp_schem Member=Component J3 2-Pin Header
Added Member To Class: ClassName=Amp_schem Member=Component J5 2-Pin Header
Added Member To Class: ClassName=Amp_schem Member=Component J6 2-Pin Header
Added Member To Class: ClassName=Amp_schem Member=Component J7 2-Pin Header
Added Member To Class: ClassName=Amp_schem Member=Component J8 2-Pin Header
Added Member To Class: ClassName=Amp_schem Member=Component J9 2-Pin Header
