Change Component Designator: OldDesignator=R6 NewDesignator=R7
Change Component Designator: OldDesignator=R7 NewDesignator=R8
Change Component Designator: OldDesignator=R8 NewDesignator=R9
Change Component Designator: OldDesignator=R9 NewDesignator=R10
Change Component Designator: OldDesignator=R10 NewDesignator=R11
Change Component Designator: OldDesignator=R11 NewDesignator=R12
Change Component Designator: OldDesignator=U3 NewDesignator=U4
Change Component Designator: OldDesignator=U4 NewDesignator=U5
Change Component Designator: OldDesignator=U5 NewDesignator=U6
Change Component Designator: OldDesignator=U6 NewDesignator=U7
Change Component Designator: OldDesignator=U7 NewDesignator=U3
Added Component: Designator=R6(Resistor 0.4W)
Add component (AddParameter): Name = "Mfr_Name"; Value = "Vishay"; VariantName = "[No Variations]"
Add component (AddParameter): Name = "RefDes"; Value = ""; VariantName = "[No Variations]"
Add component (AddParameter): Name = "Type"; Value = ""; VariantName = "[No Variations]"
Added Pin To Net: NetName=NetK4_4 Pin=R6-1
Added Pin To Net: NetName=NetK4_10 Pin=R6-2
Change Net Name : Old Net Name=NetR8_1 New Net Name=NetR9_1
Change Net Name : Old Net Name=NetR10_2 New Net Name=NetR11_2
Added Member To Class: ClassName=Amp_schem Member=Component R1 Resistor 1/4W
Added Member To Class: ClassName=Amp_schem Member=Component R2 Resistor 1/4W
Added Member To Class: ClassName=Amp_schem Member=Component R3 Resistor 1/4W
Added Member To Class: ClassName=Amp_schem Member=Component R4 Resistor 1/4W
Added Member To Class: ClassName=Amp_schem Member=Component R5 Resistor 1/4W
Added Member To Class: ClassName=Amp_schem Member=Component R6 Resistor 1/4W
Added Member To Class: ClassName=Amp_schem Member=Component R7 Resistor 1/4W
Added Member To Class: ClassName=Amp_schem Member=Component R8 Resistor 1/4W
Added Member To Class: ClassName=Amp_schem Member=Component R9 Resistor 1/4W
Added Member To Class: ClassName=Amp_schem Member=Component R10 Resistor 1/4W
Added Member To Class: ClassName=Amp_schem Member=Component R11 Resistor 1/4W
Added Member To Class: ClassName=Amp_schem Member=Component R12 Resistor 1/4W
