Removed Pin From Net: NetName=NetK1_10 Pin=R1-1
Removed Pin From Net: NetName=NetK1_4 Pin=R1-2
Removed Pin From Net: NetName=NetK2_10 Pin=R2-1
Removed Pin From Net: NetName=NetK2_4 Pin=R2-2
Removed Pin From Net: NetName=VCC Pin=R3-2
Removed Pin From Net: NetName=GND Pin=R4-1
Removed Pin From Net: NetName=NetK4_10 Pin=R5-1
Removed Pin From Net: NetName=NetK4_4 Pin=R5-2
Removed Pin From Net: NetName=NetK5_10 Pin=R6-1
Removed Pin From Net: NetName=NetK5_4 Pin=R6-2
Removed Pin From Net: NetName=NetK6_4 Pin=R7-1
Removed Pin From Net: NetName=NetK6_10 Pin=R7-2
Removed Pin From Net: NetName=VOut Pin=R8-1
Removed Pin From Net: NetName=Out Pin=R9-2
Removed Pin From Net: NetName=VCC Pin=R10-2
Removed Pin From Net: NetName=Vref Pin=R11-1
Removed Pin From Net: NetName=NetK3_4 Pin=R12-1
Removed Pin From Net: NetName=NetK3_10 Pin=R12-2
Removed Member From Class: ClassName=Amp_schem Member=R12
Change Component Footprint: Designator=C1 Old Footprint=Resistor 0.4W New Footprint=Resistor 1/4
Change Component Footprint: Designator=C2 Old Footprint=Resistor 0.4W New Footprint=Resistor 1/4
Change Component Footprint: Designator=C3 Old Footprint=Resistor 0.4W New Footprint=Resistor 1/4
Change Component Footprint: Designator=C4 Old Footprint=Resistor 0.4W New Footprint=Resistor 1/4
Change Component Footprint: Designator=C5 Old Footprint=Resistor 0.4W New Footprint=Resistor 1/4
Change Component Footprint: Designator=C6 Old Footprint=Resistor 0.4W New Footprint=Resistor 1/4
Change Component Footprint: Designator=C7 Old Footprint=Resistor 0.4W New Footprint=Resistor 1/4
Change Component Footprint: Designator=C8 Old Footprint=Resistor 0.4W New Footprint=Resistor 1/4
Added Component: Designator=R1(Resistor 0.4W)
Add component (AddParameter): Name = "Mfr_Name"; Value = "Vishay"; VariantName = "[No Variations]"
Add component (AddParameter): Name = "RefDes"; Value = ""; VariantName = "[No Variations]"
Add component (AddParameter): Name = "Type"; Value = ""; VariantName = "[No Variations]"
Added Component: Designator=R2(Resistor 0.4W)
Add component (AddParameter): Name = "Mfr_Name"; Value = "Vishay"; VariantName = "[No Variations]"
Add component (AddParameter): Name = "RefDes"; Value = ""; VariantName = "[No Variations]"
Add component (AddParameter): Name = "Type"; Value = ""; VariantName = "[No Variations]"
Added Component: Designator=R3(Resistor 0.4W)
Add component (AddParameter): Name = "Mfr_Name"; Value = "Vishay"; VariantName = "[No Variations]"
Add component (AddParameter): Name = "RefDes"; Value = ""; VariantName = "[No Variations]"
Add component (AddParameter): Name = "Type"; Value = ""; VariantName = "[No Variations]"
Added Component: Designator=R4(Resistor 0.4W)
Add component (AddParameter): Name = "Mfr_Name"; Value = "Vishay"; VariantName = "[No Variations]"
Add component (AddParameter): Name = "RefDes"; Value = ""; VariantName = "[No Variations]"
Add component (AddParameter): Name = "Type"; Value = ""; VariantName = "[No Variations]"
Added Component: Designator=R5(Resistor 0.4W)
Add component (AddParameter): Name = "Mfr_Name"; Value = "Vishay"; VariantName = "[No Variations]"
Add component (AddParameter): Name = "RefDes"; Value = ""; VariantName = "[No Variations]"
Add component (AddParameter): Name = "Type"; Value = ""; VariantName = "[No Variations]"
Added Component: Designator=R6(Resistor 0.4W)
Add component (AddParameter): Name = "Mfr_Name"; Value = "Vishay"; VariantName = "[No Variations]"
Add component (AddParameter): Name = "RefDes"; Value = ""; VariantName = "[No Variations]"
Add component (AddParameter): Name = "Type"; Value = ""; VariantName = "[No Variations]"
Added Component: Designator=R7(Resistor 0.4W)
Add component (AddParameter): Name = "Mfr_Name"; Value = "Vishay"; VariantName = "[No Variations]"
Add component (AddParameter): Name = "RefDes"; Value = ""; VariantName = "[No Variations]"
Add component (AddParameter): Name = "Type"; Value = ""; VariantName = "[No Variations]"
Added Component: Designator=R8(Resistor 0.4W)
Add component (AddParameter): Name = "Mfr_Name"; Value = "Vishay"; VariantName = "[No Variations]"
Add component (AddParameter): Name = "RefDes"; Value = ""; VariantName = "[No Variations]"
Add component (AddParameter): Name = "Type"; Value = ""; VariantName = "[No Variations]"
Added Component: Designator=R9(Resistor 0.4W)
Add component (AddParameter): Name = "Mfr_Name"; Value = "Vishay"; VariantName = "[No Variations]"
Add component (AddParameter): Name = "RefDes"; Value = ""; VariantName = "[No Variations]"
Add component (AddParameter): Name = "Type"; Value = ""; VariantName = "[No Variations]"
Added Component: Designator=R10(Resistor 0.4W)
Add component (AddParameter): Name = "Mfr_Name"; Value = "Vishay"; VariantName = "[No Variations]"
Add component (AddParameter): Name = "RefDes"; Value = ""; VariantName = "[No Variations]"
Add component (AddParameter): Name = "Type"; Value = ""; VariantName = "[No Variations]"
Added Component: Designator=R11(Resistor 0.4W)
Add component (AddParameter): Name = "Mfr_Name"; Value = "Vishay"; VariantName = "[No Variations]"
Add component (AddParameter): Name = "RefDes"; Value = ""; VariantName = "[No Variations]"
Add component (AddParameter): Name = "Type"; Value = ""; VariantName = "[No Variations]"
Added Pin To Net: NetName=VCC Pin=R1-1
Added Pin To Net: NetName=GND Pin=R2-2
Added Pin To Net: NetName=NetK1_4 Pin=R3-1
Added Pin To Net: NetName=NetK1_10 Pin=R3-2
Added Pin To Net: NetName=NetK2_4 Pin=R4-1
Added Pin To Net: NetName=NetK2_10 Pin=R4-2
Added Pin To Net: NetName=NetK3_4 Pin=R5-1
Added Pin To Net: NetName=NetK3_10 Pin=R5-2
Added Pin To Net: NetName=NetK5_4 Pin=R6-1
Added Pin To Net: NetName=NetK5_10 Pin=R6-2
Added Pin To Net: NetName=NetK6_4 Pin=R7-1
Added Pin To Net: NetName=NetK6_10 Pin=R7-2
Added Pin To Net: NetName=VOut Pin=R8-2
Added Pin To Net: NetName=Out Pin=R9-1
Added Pin To Net: NetName=VCC Pin=R10-1
Added Pin To Net: NetName=Vref Pin=R11-1
Added Pin To Net: NetName=NetR1_2 Pin=R1-2
Added Pin To Net: NetName=NetR1_2 Pin=R2-1
Added Pin To Net: NetName=NetR1_2 Pin=U7-3
Added Net: Name=NetR1_2
Added Pin To Net: NetName=NetR8_1 Pin=R8-1
Added Pin To Net: NetName=NetR8_1 Pin=R9-2
Added Pin To Net: NetName=NetR8_1 Pin=U8-2
Added Net: Name=NetR8_1
Added Pin To Net: NetName=NetR10_2 Pin=R10-2
Added Pin To Net: NetName=NetR10_2 Pin=R11-2
Added Pin To Net: NetName=NetR10_2 Pin=U8-3
Added Net: Name=NetR10_2
