Removed Pin From Net: NetName=VCC Pin=J4-1
Change Component Footprint: Designator=C1 Old Footprint=CAP New Footprint=Resistor 0.4W
Change Component Footprint: Designator=C2 Old Footprint=CAP New Footprint=Resistor 0.4W
Change Component Footprint: Designator=C3 Old Footprint=CAP New Footprint=Resistor 0.4W
Change Component Footprint: Designator=C4 Old Footprint=CAP New Footprint=Resistor 0.4W
Change Component Footprint: Designator=C5 Old Footprint=CAP New Footprint=Resistor 0.4W
Change Component Footprint: Designator=C6 Old Footprint=CAP New Footprint=Resistor 0.4W
Change Component Footprint: Designator=C7 Old Footprint=CAP New Footprint=Resistor 0.4W
Change Component Footprint: Designator=C8 Old Footprint=CAP New Footprint=Resistor 0.4W
Added Component: Designator=J4(2 Pin header)
Added Pin To Net: NetName=GND Pin=C1-1
Added Pin To Net: NetName=VCC Pin=C1-2
Added Pin To Net: NetName=GND Pin=C2-1
Added Pin To Net: NetName=VCC Pin=C2-2
Added Pin To Net: NetName=VCC Pin=C3-1
Added Pin To Net: NetName=GND Pin=C3-2
Added Pin To Net: NetName=GND Pin=C4-1
Added Pin To Net: NetName=VCC Pin=C4-2
Added Pin To Net: NetName=GND Pin=C5-1
Added Pin To Net: NetName=VCC Pin=C5-2
Added Pin To Net: NetName=GND Pin=C6-1
Added Pin To Net: NetName=VCC Pin=C6-2
Added Pin To Net: NetName=GND Pin=C7-1
Added Pin To Net: NetName=VCC Pin=C7-2
Added Pin To Net: NetName=GND Pin=C8-1
Added Pin To Net: NetName=VCC Pin=C8-2
Add Pin To Net: Unknown Pin: Pin J3-0
Add Pin To Net: Unknown Pin: Pin J4-0
Added Pin To Net: NetName=VCC Pin=J4-1
