Removed Pin From Net: NetName=K1- Pin=J3-1
Removed Pin From Net: NetName=K3- Pin=J5-1
Removed Pin From Net: NetName=K6- Pin=J6-1
Removed Pin From Net: NetName=K2- Pin=J7-1
Removed Pin From Net: NetName=K4- Pin=J8-1
Removed Pin From Net: NetName=K6- Pin=J9-1
Removed Member From Class: ClassName=Amp_schem Member=J3
Removed Member From Class: ClassName=Amp_schem Member=J5
Removed Member From Class: ClassName=Amp_schem Member=J6
Removed Member From Class: ClassName=Amp_schem Member=J7
Removed Member From Class: ClassName=Amp_schem Member=J8
Removed Member From Class: ClassName=Amp_schem Member=J9
Change Footprint: Cannot match pads with new footprint in component :J4 Footprint:HDR1X2
Added Component: Designator=P1(HDR1X2)
Add component (AddParameter): Name = "LatestRevisionDate"; Value = "17-Jul-2002"; VariantName = "[No Variations]"
Add component (AddParameter): Name = "LatestRevisionNote"; Value = "Re-released for DXP Platform."; VariantName = "[No Variations]"
Add component (AddParameter): Name = "Publisher"; Value = "Altium Limited"; VariantName = "[No Variations]"
Added Component: Designator=P2(HDR1X2)
Add component (AddParameter): Name = "LatestRevisionDate"; Value = "17-Jul-2002"; VariantName = "[No Variations]"
Add component (AddParameter): Name = "LatestRevisionNote"; Value = "Re-released for DXP Platform."; VariantName = "[No Variations]"
Add component (AddParameter): Name = "Publisher"; Value = "Altium Limited"; VariantName = "[No Variations]"
Added Component: Designator=P3(HDR1X2)
Add component (AddParameter): Name = "LatestRevisionDate"; Value = "17-Jul-2002"; VariantName = "[No Variations]"
Add component (AddParameter): Name = "LatestRevisionNote"; Value = "Re-released for DXP Platform."; VariantName = "[No Variations]"
Add component (AddParameter): Name = "Publisher"; Value = "Altium Limited"; VariantName = "[No Variations]"
Added Component: Designator=P4(HDR1X2)
Add component (AddParameter): Name = "LatestRevisionDate"; Value = "17-Jul-2002"; VariantName = "[No Variations]"
Add component (AddParameter): Name = "LatestRevisionNote"; Value = "Re-released for DXP Platform."; VariantName = "[No Variations]"
Add component (AddParameter): Name = "Publisher"; Value = "Altium Limited"; VariantName = "[No Variations]"
Added Component: Designator=P5(HDR1X2)
Add component (AddParameter): Name = "LatestRevisionDate"; Value = "17-Jul-2002"; VariantName = "[No Variations]"
Add component (AddParameter): Name = "LatestRevisionNote"; Value = "Re-released for DXP Platform."; VariantName = "[No Variations]"
Add component (AddParameter): Name = "Publisher"; Value = "Altium Limited"; VariantName = "[No Variations]"
Added Component: Designator=P6(HDR1X2)
Add component (AddParameter): Name = "LatestRevisionDate"; Value = "17-Jul-2002"; VariantName = "[No Variations]"
Add component (AddParameter): Name = "LatestRevisionNote"; Value = "Re-released for DXP Platform."; VariantName = "[No Variations]"
Add component (AddParameter): Name = "Publisher"; Value = "Altium Limited"; VariantName = "[No Variations]"
Added Pin To Net: NetName=K1- Pin=P1-1
Added Pin To Net: NetName=K1+ Pin=P1-2
Added Pin To Net: NetName=K3- Pin=P2-1
Added Pin To Net: NetName=K3+ Pin=P2-2
Added Pin To Net: NetName=K6- Pin=P3-1
Added Pin To Net: NetName=K6+ Pin=P3-2
Added Pin To Net: NetName=K2- Pin=P4-1
Added Pin To Net: NetName=K2+ Pin=P4-2
Added Pin To Net: NetName=K4- Pin=P5-1
Added Pin To Net: NetName=K4+ Pin=P5-2
Added Pin To Net: NetName=K6- Pin=P6-1
Added Pin To Net: NetName=K6+ Pin=P6-2
Added Member To Class: ClassName=Amp_schem Member=Component P1 Header 2
Added Member To Class: ClassName=Amp_schem Member=Component P2 Header 2
Added Member To Class: ClassName=Amp_schem Member=Component P3 Header 2
Added Member To Class: ClassName=Amp_schem Member=Component P4 Header 2
Added Member To Class: ClassName=Amp_schem Member=Component P5 Header 2
Added Member To Class: ClassName=Amp_schem Member=Component P6 Header 2
