Removed Pin From Net: NetName=GND Pin=C?-1
Removed Pin From Net: NetName=GND Pin=C?-1
Removed Pin From Net: NetName=GND Pin=C?-1
Removed Pin From Net: NetName=GND Pin=C?-1
Removed Pin From Net: NetName=GND Pin=C?-1
Removed Pin From Net: NetName=GND Pin=C?-1
Removed Pin From Net: NetName=GND Pin=C?-1
Removed Pin From Net: NetName=VCC Pin=C?-1
Removed Pin From Net: NetName=GND Pin=C?-2
Removed Pin From Net: NetName=VCC Pin=C?-2
Removed Pin From Net: NetName=VCC Pin=C?-2
Removed Pin From Net: NetName=VCC Pin=C?-2
Removed Pin From Net: NetName=VCC Pin=C?-2
Removed Pin From Net: NetName=VCC Pin=C?-2
Removed Pin From Net: NetName=VCC Pin=C?-2
Removed Pin From Net: NetName=VCC Pin=C?-2
Removed Pin From Net: NetName=VCC Pin=J?-1
Removed Pin From Net: NetName=VOut Pin=J?-1
Removed Pin From Net: NetName=GND Pin=J?-2
Removed Pin From Net: NetName=GND Pin=J?-2
Removed Pin From Net: NetName=GND Pin=J?-3
Removed Pin From Net: NetName=GND Pin=J?-3
Removed Pin From Net: NetName=GND Pin=J?-4
Removed Pin From Net: NetName=GND Pin=J?-4
Removed Pin From Net: NetName=K1+ Pin=K?-1
Removed Pin From Net: NetName=K2+ Pin=K?-1
Removed Pin From Net: NetName=K3+ Pin=K?-1
Removed Pin From Net: NetName=K4+ Pin=K?-1
Removed Pin From Net: NetName=K5+ Pin=K?-1
Removed Pin From Net: NetName=K6+ Pin=K?-1
Removed Pin From Net: NetName=Vref Pin=K?-3
Removed Pin From Net: NetName=Vref Pin=K?-3
Removed Pin From Net: NetName=Vref Pin=K?-3
Removed Pin From Net: NetName=Vref Pin=K?-3
Removed Pin From Net: NetName=Vref Pin=K?-3
Removed Pin From Net: NetName=Vref Pin=K?-3
Removed Pin From Net: NetName=In Pin=K?-5
Removed Pin From Net: NetName=In Pin=K?-5
Removed Pin From Net: NetName=In Pin=K?-5
Removed Pin From Net: NetName=In Pin=K?-5
Removed Pin From Net: NetName=In Pin=K?-5
Removed Pin From Net: NetName=In Pin=K?-5
Removed Pin From Net: NetName=Out Pin=K?-9
Removed Pin From Net: NetName=Out Pin=K?-9
Removed Pin From Net: NetName=Out Pin=K?-9
Removed Pin From Net: NetName=Out Pin=K?-9
Removed Pin From Net: NetName=Out Pin=K?-9
Removed Pin From Net: NetName=Out Pin=K?-9
Removed Pin From Net: NetName=Vref Pin=K?-10
Removed Pin From Net: NetName=Vref Pin=K?-10
Removed Pin From Net: NetName=Vref Pin=K?-10
Removed Pin From Net: NetName=Vref Pin=K?-10
Removed Pin From Net: NetName=Vref Pin=K?-10
Removed Pin From Net: NetName=Vref Pin=K?-10
Removed Pin From Net: NetName=K1- Pin=K?-12
Removed Pin From Net: NetName=K2- Pin=K?-12
Removed Pin From Net: NetName=K3- Pin=K?-12
Removed Pin From Net: NetName=K4- Pin=K?-12
Removed Pin From Net: NetName=K5- Pin=K?-12
Removed Pin From Net: NetName=K6- Pin=K?-12
Removed Pin From Net: NetName=Out Pin=R?-1
Removed Pin From Net: NetName=VCC Pin=R?-1
Removed Pin From Net: NetName=VCC Pin=R?-1
Removed Pin From Net: NetName=Vref Pin=R?-1
Removed Pin From Net: NetName=GND Pin=R?-2
Removed Pin From Net: NetName=VOut Pin=R?-2
Removed Pin From Net: NetName=Vref Pin=U?-2
Removed Pin From Net: NetName=Vref Pin=U?-3
Removed Pin From Net: NetName=Vref Pin=U?-3
Removed Pin From Net: NetName=Vref Pin=U?-3
Removed Pin From Net: NetName=Vref Pin=U?-3
Removed Pin From Net: NetName=Vref Pin=U?-3
Removed Pin From Net: NetName=Vref Pin=U?-3
Removed Pin From Net: NetName=GND Pin=U?-4
Removed Pin From Net: NetName=GND Pin=U?-4
Removed Pin From Net: NetName=GND Pin=U?-4
Removed Pin From Net: NetName=GND Pin=U?-4
Removed Pin From Net: NetName=GND Pin=U?-4
Removed Pin From Net: NetName=GND Pin=U?-4
Removed Pin From Net: NetName=GND Pin=U?-4
Removed Pin From Net: NetName=GND Pin=U?-4
Removed Pin From Net: NetName=VOut Pin=U?-6
Removed Pin From Net: NetName=Vref Pin=U?-6
Removed Pin From Net: NetName=VCC Pin=U?-7
Removed Pin From Net: NetName=VCC Pin=U?-7
Removed Pin From Net: NetName=VCC Pin=U?-7
Removed Pin From Net: NetName=VCC Pin=U?-7
Removed Pin From Net: NetName=VCC Pin=U?-7
Removed Pin From Net: NetName=VCC Pin=U?-7
Removed Pin From Net: NetName=VCC Pin=U?-7
Removed Pin From Net: NetName=VCC Pin=U?-7
Removed Member From Class: ClassName=Amp_schem Member=C?
Removed Member From Class: ClassName=Amp_schem Member=K?
Change Footprint: Footprint Not Found HDR1X2
