Removed Pin From Net: NetName=In Pin=J1-1
Removed Pin From Net: NetName=Vref Pin=K1-8
Removed Pin From Net: NetName=Out Pin=K1-9
Removed Pin From Net: NetName=Vref Pin=K2-8
Removed Pin From Net: NetName=Out Pin=K2-9
Removed Pin From Net: NetName=Vref Pin=K3-8
Removed Pin From Net: NetName=Out Pin=K3-9
Removed Pin From Net: NetName=Vref Pin=K4-8
Removed Pin From Net: NetName=Out Pin=K4-9
Removed Pin From Net: NetName=Vref Pin=K5-8
Removed Pin From Net: NetName=Out Pin=K5-9
Removed Pin From Net: NetName=Vref Pin=K6-8
Removed Pin From Net: NetName=Out Pin=K6-9
Removed Pin From Net: NetName=Vref Pin=R12-1
Removed Pin From Net: NetName=Vref Pin=U1-3
Removed Pin From Net: NetName=Vref Pin=U2-3
Removed Pin From Net: NetName=Vref Pin=U3-2
Removed Pin From Net: NetName=Vref Pin=U3-6
Removed Pin From Net: NetName=Vref Pin=U4-3
Removed Pin From Net: NetName=Vref Pin=U5-3
Removed Pin From Net: NetName=Vref Pin=U6-3
Removed Pin From Net: NetName=Vref Pin=U7-3
Add Component: Footprint Not Found 2 Pin header
Add Component: Footprint Not Found 2 Pin header
Add Component: Footprint Not Found 2 Pin header
Add Component: Footprint Not Found 2 Pin header
Add Component: Footprint Not Found 2 Pin header
Add Component: Footprint Not Found 2 Pin header
Added Pin To Net: NetName=Vref Pin=J1-1
Added Pin To Net: NetName=Out Pin=K1-4
Added Pin To Net: NetName=In Pin=K1-10
Added Pin To Net: NetName=Out Pin=K2-4
Added Pin To Net: NetName=In Pin=K2-10
Added Pin To Net: NetName=Out Pin=K3-4
Added Pin To Net: NetName=In Pin=K3-10
Added Pin To Net: NetName=Out Pin=K4-4
Added Pin To Net: NetName=In Pin=K4-10
Added Pin To Net: NetName=Out Pin=K5-4
Added Pin To Net: NetName=In Pin=K5-10
Added Pin To Net: NetName=Out Pin=K6-4
Added Pin To Net: NetName=In Pin=K6-10
Added Pin To Net: NetName=In Pin=R12-1
Added Pin To Net: NetName=In Pin=U1-3
Added Pin To Net: NetName=In Pin=U2-3
Added Pin To Net: NetName=In Pin=U3-2
Added Pin To Net: NetName=In Pin=U3-6
Added Pin To Net: NetName=In Pin=U4-3
Added Pin To Net: NetName=In Pin=U5-3
Added Pin To Net: NetName=In Pin=U6-3
Added Pin To Net: NetName=In Pin=U7-3
Change Net Name : Old Net Name=In New Net Name=Vref
Change Net Name : Old Net Name=Vref New Net Name=In
Added Pin To Net: NetName=K1+ Pin=K1-1
Added Net: Name=K1+
Added Pin To Net: NetName=K1- Pin=K1-12
Added Net: Name=K1-
Added Pin To Net: NetName=K2+ Pin=K2-1
Added Net: Name=K2+
Added Pin To Net: NetName=K2- Pin=K2-12
Added Net: Name=K2-
Added Pin To Net: NetName=K3+ Pin=K3-1
Added Net: Name=K3+
Added Pin To Net: NetName=K3- Pin=K3-12
Added Net: Name=K3-
Added Pin To Net: NetName=K4+ Pin=K4-1
Added Net: Name=K4+
Added Pin To Net: NetName=K4- Pin=K4-12
Added Net: Name=K4-
Added Pin To Net: NetName=K6+ Pin=K5-1
Added Pin To Net: NetName=K6+ Pin=K6-1
Added Net: Name=K6+
Added Pin To Net: NetName=K6- Pin=K5-12
Added Pin To Net: NetName=K6- Pin=K6-12
Added Net: Name=K6-
Added Pin To Net: NetName=NetK1_8 Pin=K1-8
Added Pin To Net: NetName=NetK1_8 Pin=K1-9
Added Pin To Net: NetName=NetK1_8 Pin=R3-2
Added Pin To Net: NetName=NetK1_8 Pin=U1-6
Added Net: Name=NetK1_8
Added Pin To Net: NetName=NetK2_8 Pin=K2-8
Added Pin To Net: NetName=NetK2_8 Pin=K2-9
Added Pin To Net: NetName=NetK2_8 Pin=R4-2
Added Pin To Net: NetName=NetK2_8 Pin=U2-6
Added Net: Name=NetK2_8
Added Pin To Net: NetName=NetK3_8 Pin=K3-8
Added Pin To Net: NetName=NetK3_8 Pin=K3-9
Added Pin To Net: NetName=NetK3_8 Pin=R5-2
Added Pin To Net: NetName=NetK3_8 Pin=U4-6
Added Net: Name=NetK3_8
Added Pin To Net: NetName=NetK4_8 Pin=K4-8
Added Pin To Net: NetName=NetK4_8 Pin=K4-9
Added Pin To Net: NetName=NetK4_8 Pin=R6-2
Added Pin To Net: NetName=NetK4_8 Pin=U5-6
Added Net: Name=NetK4_8
Added Pin To Net: NetName=NetK5_8 Pin=K5-8
Added Pin To Net: NetName=NetK5_8 Pin=R7-2
Added Pin To Net: NetName=NetK5_8 Pin=U6-6
Added Net: Name=NetK5_8
Added Pin To Net: NetName=NetK5_9 Pin=K5-9
Added Pin To Net: NetName=NetK5_9 Pin=R7-1
Added Pin To Net: NetName=NetK5_9 Pin=U6-2
Added Net: Name=NetK5_9
Added Pin To Net: NetName=NetK6_8 Pin=K6-8
Added Pin To Net: NetName=NetK6_8 Pin=K6-9
Added Pin To Net: NetName=NetK6_8 Pin=R8-2
Added Pin To Net: NetName=NetK6_8 Pin=U7-6
Added Net: Name=NetK6_8
Added Pin To Net: NetName=NetR3_1 Pin=R3-1
Added Pin To Net: NetName=NetR3_1 Pin=U1-2
Added Net: Name=NetR3_1
Added Pin To Net: NetName=NetR4_1 Pin=R4-1
Added Pin To Net: NetName=NetR4_1 Pin=U2-2
Added Net: Name=NetR4_1
Added Pin To Net: NetName=NetR5_1 Pin=R5-1
Added Pin To Net: NetName=NetR5_1 Pin=U4-2
Added Net: Name=NetR5_1
Added Pin To Net: NetName=NetR6_1 Pin=R6-1
Added Pin To Net: NetName=NetR6_1 Pin=U5-2
Added Net: Name=NetR6_1
Added Pin To Net: NetName=NetR8_1 Pin=R8-1
Added Pin To Net: NetName=NetR8_1 Pin=U7-2
Added Net: Name=NetR8_1
Add Class Member: Failed to add class member : Component J5 2-Pin Header
Add Class Member: Failed to add class member : Component J6 2-Pin Header
Add Class Member: Failed to add class member : Component J7 2-Pin Header
Add Class Member: Failed to add class member : Component J8 2-Pin Header
Add Class Member: Failed to add class member : Component J9 2-Pin Header
