Change Footprint: Footprint Not Found HDR1X2
Added Pin To Net: NetName=Out Pin=J2-1
Added Member To Class: ClassName=Amp_schem Member=Component C1 100nF
Added Member To Class: ClassName=Amp_schem Member=Component C2 100nF
Added Member To Class: ClassName=Amp_schem Member=Component C3 100nF
Added Member To Class: ClassName=Amp_schem Member=Component C4 100nF
Added Member To Class: ClassName=Amp_schem Member=Component C5 100nF
Added Member To Class: ClassName=Amp_schem Member=Component C6 100nF
Added Member To Class: ClassName=Amp_schem Member=Component C7 100nF
Added Member To Class: ClassName=Amp_schem Member=Component J4 2-Pin Header
Added Member To Class: ClassName=Amp_schem Member=Component K1 EC2-3SNU
Added Member To Class: ClassName=Amp_schem Member=Component K2 EC2-3SNU
Added Member To Class: ClassName=Amp_schem Member=Component K3 EC2-3SNU
Added Member To Class: ClassName=Amp_schem Member=Component K4 EC2-3SNU
Added Member To Class: ClassName=Amp_schem Member=Component K5 EC2-3SNU
Added Member To Class: ClassName=Amp_schem Member=Component K6 EC2-3SNU
Added Member To Class: ClassName=Amp_schem Member=Component P1 Header 2
Added Member To Class: ClassName=Amp_schem Member=Component P2 Header 2
Added Member To Class: ClassName=Amp_schem Member=Component P3 Header 2
Added Member To Class: ClassName=Amp_schem Member=Component P4 Header 2
Added Member To Class: ClassName=Amp_schem Member=Component P5 Header 2
Added Member To Class: ClassName=Amp_schem Member=Component P6 Header 2
Added Member To Class: ClassName=Amp_schem Member=Component R1 100k 0.1% 1/4w
Added Member To Class: ClassName=Amp_schem Member=Component R2 100k 0.1% 1/4w
Added Member To Class: ClassName=Amp_schem Member=Component R3 1k 1% 0.6W
Added Member To Class: ClassName=Amp_schem Member=Component R4 10k 0.1% 1/4W
Added Member To Class: ClassName=Amp_schem Member=Component R5 10M 1% 0.4W
Added Member To Class: ClassName=Amp_schem Member=Component R6 100k 0.1% 1/4W
Added Member To Class: ClassName=Amp_schem Member=Component R7 100M 1% 1/4W
Added Member To Class: ClassName=Amp_schem Member=Component R8 1M 0.1% 1/4W
Added Member To Class: ClassName=Amp_schem Member=Component U1 TL031CP
Added Member To Class: ClassName=Amp_schem Member=Component U2 TL031CP
Added Member To Class: ClassName=Amp_schem Member=Component U3 TL031CP
Added Member To Class: ClassName=Amp_schem Member=Component U4 TL031CP
Added Member To Class: ClassName=Amp_schem Member=Component U5 TL031CP
Added Member To Class: ClassName=Amp_schem Member=Component U6 TL031CP
Added Member To Class: ClassName=Amp_schem Member=Component U7 TL031CP
