Added Component: Designator=J?(FP-5227161-6-MFG)
Add component (AddParameter): Name = "Body Material"; Value = "Zinc"; VariantName = "[No Variations]"
Add component (AddParameter): Name = "Body Plating"; Value = "Nickel"; VariantName = "[No Variations]"
Add component (AddParameter): Name = "Color"; Value = "Black"; VariantName = "[No Variations]"
Add component (AddParameter): Name = "Connector Type"; Value = "BNC"; VariantName = "[No Variations]"
Add component (AddParameter): Name = "Contact Material"; Value = "Gold"; VariantName = "[No Variations]"
Add component (AddParameter): Name = "Contact Plating"; Value = "Gold"; VariantName = "[No Variations]"
Add component (AddParameter): Name = "Depth"; Value = "34.93mm"; VariantName = "[No Variations]"
Add component (AddParameter): Name = "Dielectric Material"; Value = "Polymethylpentene"; VariantName = "[No Variations]"
Add component (AddParameter): Name = "Fastening Type"; Value = "Bayonet"; VariantName = "[No Variations]"
Add component (AddParameter): Name = "Frequency"; Value = "4GHz"; VariantName = "[No Variations]"
Add component (AddParameter): Name = "Gender"; Value = "Female"; VariantName = "[No Variations]"
Add component (AddParameter): Name = "Height"; Value = "16.13mm"; VariantName = "[No Variations]"
Add component (AddParameter): Name = "Housing Color"; Value = "Black"; VariantName = "[No Variations]"
Add component (AddParameter): Name = "Housing Material"; Value = "Polyester"; VariantName = "[No Variations]"
Add component (AddParameter): Name = "Impedance"; Value = "50O"; VariantName = "[No Variations]"
Add component (AddParameter): Name = "Insulation Material"; Value = "Polymethylpentene"; VariantName = "[No Variations]"
Add component (AddParameter): Name = "Insulation Resistance"; Value = "5GO"; VariantName = "[No Variations]"
Add component (AddParameter): Name = "Lead Free"; Value = "Lead Free"; VariantName = "[No Variations]"
Add component (AddParameter): Name = "Length"; Value = "34.93mm"; VariantName = "[No Variations]"
Add component (AddParameter): Name = "Lifecycle Status"; Value = "Production"; VariantName = "[No Variations]"
Add component (AddParameter): Name = "Manufacturer Lifecycle Status"; Value = "ACTIVE"; VariantName = "[No Variations]"
Add component (AddParameter): Name = "Max Frequency"; Value = "4GHz"; VariantName = "[No Variations]"
Add component (AddParameter): Name = "Max Operating Temperature"; Value = "85°C"; VariantName = "[No Variations]"
Add component (AddParameter): Name = "Min Operating Temperature"; Value = "-55°C"; VariantName = "[No Variations]"
Add component (AddParameter): Name = "Mount"; Value = "Panel"; VariantName = "[No Variations]"
Add component (AddParameter): Name = "NexarPartId"; Value = "39546762"; VariantName = "[No Variations]"
Add component (AddParameter): Name = "Number of Contacts"; Value = "1"; VariantName = "[No Variations]"
Add component (AddParameter): Name = "Number of Positions"; Value = "1"; VariantName = "[No Variations]"
Add component (AddParameter): Name = "Orientation"; Value = "Right Angle"; VariantName = "[No Variations]"
Add component (AddParameter): Name = "Outside Diameter"; Value = "14.529mm"; VariantName = "[No Variations]"
Add component (AddParameter): Name = "Packaging"; Value = "Bulk"; VariantName = "[No Variations]"
Add component (AddParameter): Name = "PCB Mounting Orientation"; Value = "Right Angle"; VariantName = "[No Variations]"
Add component (AddParameter): Name = "Polarity"; Value = "Normal, Standard"; VariantName = "[No Variations]"
Add component (AddParameter): Name = "Radiation Hardening"; Value = "No"; VariantName = "[No Variations]"
Add component (AddParameter): Name = "REACH SVHC"; Value = "No SVHC"; VariantName = "[No Variations]"
Add component (AddParameter): Name = "RoHS"; Value = "Compliant"; VariantName = "[No Variations]"
Add component (AddParameter): Name = "Sealable"; Value = "No"; VariantName = "[No Variations]"
Add component (AddParameter): Name = "Tail Length"; Value = "4.11mm"; VariantName = "[No Variations]"
Add component (AddParameter): Name = "Termination"; Value = "Solder, Through Hole"; VariantName = "[No Variations]"
Add component (AddParameter): Name = "Voltage Rating"; Value = "500V"; VariantName = "[No Variations]"
Added Component: Designator=J?(FP-5227161-6-MFG)
Add component (AddParameter): Name = "Body Material"; Value = "Zinc"; VariantName = "[No Variations]"
Add component (AddParameter): Name = "Body Plating"; Value = "Nickel"; VariantName = "[No Variations]"
Add component (AddParameter): Name = "Color"; Value = "Black"; VariantName = "[No Variations]"
Add component (AddParameter): Name = "Connector Type"; Value = "BNC"; VariantName = "[No Variations]"
Add component (AddParameter): Name = "Contact Material"; Value = "Gold"; VariantName = "[No Variations]"
Add component (AddParameter): Name = "Contact Plating"; Value = "Gold"; VariantName = "[No Variations]"
Add component (AddParameter): Name = "Depth"; Value = "34.93mm"; VariantName = "[No Variations]"
Add component (AddParameter): Name = "Dielectric Material"; Value = "Polymethylpentene"; VariantName = "[No Variations]"
Add component (AddParameter): Name = "Fastening Type"; Value = "Bayonet"; VariantName = "[No Variations]"
Add component (AddParameter): Name = "Frequency"; Value = "4GHz"; VariantName = "[No Variations]"
Add component (AddParameter): Name = "Gender"; Value = "Female"; VariantName = "[No Variations]"
Add component (AddParameter): Name = "Height"; Value = "16.13mm"; VariantName = "[No Variations]"
Add component (AddParameter): Name = "Housing Color"; Value = "Black"; VariantName = "[No Variations]"
Add component (AddParameter): Name = "Housing Material"; Value = "Polyester"; VariantName = "[No Variations]"
Add component (AddParameter): Name = "Impedance"; Value = "50O"; VariantName = "[No Variations]"
Add component (AddParameter): Name = "Insulation Material"; Value = "Polymethylpentene"; VariantName = "[No Variations]"
Add component (AddParameter): Name = "Insulation Resistance"; Value = "5GO"; VariantName = "[No Variations]"
Add component (AddParameter): Name = "Lead Free"; Value = "Lead Free"; VariantName = "[No Variations]"
Add component (AddParameter): Name = "Length"; Value = "34.93mm"; VariantName = "[No Variations]"
Add component (AddParameter): Name = "Lifecycle Status"; Value = "Production"; VariantName = "[No Variations]"
Add component (AddParameter): Name = "Manufacturer Lifecycle Status"; Value = "ACTIVE"; VariantName = "[No Variations]"
Add component (AddParameter): Name = "Max Frequency"; Value = "4GHz"; VariantName = "[No Variations]"
Add component (AddParameter): Name = "Max Operating Temperature"; Value = "85°C"; VariantName = "[No Variations]"
Add component (AddParameter): Name = "Min Operating Temperature"; Value = "-55°C"; VariantName = "[No Variations]"
Add component (AddParameter): Name = "Mount"; Value = "Panel"; VariantName = "[No Variations]"
Add component (AddParameter): Name = "NexarPartId"; Value = "39546762"; VariantName = "[No Variations]"
Add component (AddParameter): Name = "Number of Contacts"; Value = "1"; VariantName = "[No Variations]"
Add component (AddParameter): Name = "Number of Positions"; Value = "1"; VariantName = "[No Variations]"
Add component (AddParameter): Name = "Orientation"; Value = "Right Angle"; VariantName = "[No Variations]"
Add component (AddParameter): Name = "Outside Diameter"; Value = "14.529mm"; VariantName = "[No Variations]"
Add component (AddParameter): Name = "Packaging"; Value = "Bulk"; VariantName = "[No Variations]"
Add component (AddParameter): Name = "PCB Mounting Orientation"; Value = "Right Angle"; VariantName = "[No Variations]"
Add component (AddParameter): Name = "Polarity"; Value = "Normal, Standard"; VariantName = "[No Variations]"
Add component (AddParameter): Name = "Radiation Hardening"; Value = "No"; VariantName = "[No Variations]"
Add component (AddParameter): Name = "REACH SVHC"; Value = "No SVHC"; VariantName = "[No Variations]"
Add component (AddParameter): Name = "RoHS"; Value = "Compliant"; VariantName = "[No Variations]"
Add component (AddParameter): Name = "Sealable"; Value = "No"; VariantName = "[No Variations]"
Add component (AddParameter): Name = "Tail Length"; Value = "4.11mm"; VariantName = "[No Variations]"
Add component (AddParameter): Name = "Termination"; Value = "Solder, Through Hole"; VariantName = "[No Variations]"
Add component (AddParameter): Name = "Voltage Rating"; Value = "500V"; VariantName = "[No Variations]"
Added Component: Designator=K?(FP-EC2-3NU-MFG)
Added Component: Designator=K?(FP-EC2-3NU-MFG)
Added Component: Designator=K?(FP-EC2-3NU-MFG)
Added Component: Designator=K?(FP-EC2-3NU-MFG)
Added Component: Designator=K?(FP-EC2-3NU-MFG)
Added Component: Designator=K?(FP-EC2-3NU-MFG)
Added Component: Designator=R?(RN60_VIS)
Add component (AddParameter): Name = "Mfr_Name"; Value = "Vishay"; VariantName = "[No Variations]"
Add component (AddParameter): Name = "RefDes"; Value = ""; VariantName = "[No Variations]"
Add component (AddParameter): Name = "Type"; Value = ""; VariantName = "[No Variations]"
Added Component: Designator=R?(RES_LR1_TYCO_TYC)
Add component (AddParameter): Name = "Mfr_Name"; Value = "TE Connectivity"; VariantName = "[No Variations]"
Add component (AddParameter): Name = "RefDes"; Value = ""; VariantName = "[No Variations]"
Add component (AddParameter): Name = "Type"; Value = ""; VariantName = "[No Variations]"
Added Component: Designator=R?(RES_RGP_TYCO_TYC)
Add component (AddParameter): Name = "Mfr_Name"; Value = "TE Connectivity"; VariantName = "[No Variations]"
Add component (AddParameter): Name = "RefDes"; Value = ""; VariantName = "[No Variations]"
Add component (AddParameter): Name = "Type"; Value = ""; VariantName = "[No Variations]"
Added Component: Designator=R?(RN60_VIS)
Add component (AddParameter): Name = "Mfr_Name"; Value = "Vishay"; VariantName = "[No Variations]"
Add component (AddParameter): Name = "RefDes"; Value = ""; VariantName = "[No Variations]"
Add component (AddParameter): Name = "Type"; Value = ""; VariantName = "[No Variations]"
Added Component: Designator=R?(RN60_VIS)
Add component (AddParameter): Name = "Mfr_Name"; Value = "Vishay"; VariantName = "[No Variations]"
Add component (AddParameter): Name = "RefDes"; Value = ""; VariantName = "[No Variations]"
Add component (AddParameter): Name = "Type"; Value = ""; VariantName = "[No Variations]"
Added Component: Designator=R?(RN60_VIS)
Add component (AddParameter): Name = "Mfr_Name"; Value = "Vishay"; VariantName = "[No Variations]"
Add component (AddParameter): Name = "RefDes"; Value = ""; VariantName = "[No Variations]"
Add component (AddParameter): Name = "Type"; Value = ""; VariantName = "[No Variations]"
Added Component: Designator=R?(RN60_VIS)
Add component (AddParameter): Name = "Mfr_Name"; Value = "Vishay"; VariantName = "[No Variations]"
Add component (AddParameter): Name = "RefDes"; Value = ""; VariantName = "[No Variations]"
Add component (AddParameter): Name = "Type"; Value = ""; VariantName = "[No Variations]"
Added Component: Designator=U?(P8)
Add component (AddParameter): Name = "Mfr_Name"; Value = "Texas Instruments"; VariantName = "[No Variations]"
Add component (AddParameter): Name = "RefDes"; Value = "RefDes"; VariantName = "[No Variations]"
Add component (AddParameter): Name = "Type"; Value = "Type"; VariantName = "[No Variations]"
Added Component: Designator=U?(P8)
Add component (AddParameter): Name = "Mfr_Name"; Value = "Texas Instruments"; VariantName = "[No Variations]"
Add component (AddParameter): Name = "RefDes"; Value = "RefDes"; VariantName = "[No Variations]"
Add component (AddParameter): Name = "Type"; Value = "Type"; VariantName = "[No Variations]"
Added Component: Designator=U?(P8)
Add component (AddParameter): Name = "Mfr_Name"; Value = "Texas Instruments"; VariantName = "[No Variations]"
Add component (AddParameter): Name = "RefDes"; Value = "RefDes"; VariantName = "[No Variations]"
Add component (AddParameter): Name = "Type"; Value = "Type"; VariantName = "[No Variations]"
Added Component: Designator=U?(P8)
Add component (AddParameter): Name = "Mfr_Name"; Value = "Texas Instruments"; VariantName = "[No Variations]"
Add component (AddParameter): Name = "RefDes"; Value = "RefDes"; VariantName = "[No Variations]"
Add component (AddParameter): Name = "Type"; Value = "Type"; VariantName = "[No Variations]"
Added Component: Designator=U?(P8)
Add component (AddParameter): Name = "Mfr_Name"; Value = "Texas Instruments"; VariantName = "[No Variations]"
Add component (AddParameter): Name = "RefDes"; Value = "RefDes"; VariantName = "[No Variations]"
Add component (AddParameter): Name = "Type"; Value = "Type"; VariantName = "[No Variations]"
Added Component: Designator=U?(P8)
Add component (AddParameter): Name = "Mfr_Name"; Value = "Texas Instruments"; VariantName = "[No Variations]"
Add component (AddParameter): Name = "RefDes"; Value = "RefDes"; VariantName = "[No Variations]"
Add component (AddParameter): Name = "Type"; Value = "Type"; VariantName = "[No Variations]"
Added Pin To Net: NetName=GND Pin=J?-2
Added Pin To Net: NetName=GND Pin=J?-2
Added Pin To Net: NetName=GND Pin=J?-3
Added Pin To Net: NetName=GND Pin=J?-3
Added Pin To Net: NetName=GND Pin=J?-4
Added Pin To Net: NetName=GND Pin=J?-4
Added Pin To Net: NetName=GND Pin=R?-1
Added Pin To Net: NetName=GND Pin=U?-4
Added Pin To Net: NetName=GND Pin=U?-4
Added Pin To Net: NetName=GND Pin=U?-4
Added Pin To Net: NetName=GND Pin=U?-4
Added Pin To Net: NetName=GND Pin=U?-4
Added Pin To Net: NetName=GND Pin=U?-4
Added Net: Name=GND
Added Pin To Net: NetName=In Pin=J?-1
Added Net: Name=In
Added Net: Name=NetJ?_0
Added Pin To Net: NetName=NetJ?_1 Pin=J?-1
Added Net: Name=NetJ?_1
Added Pin To Net: NetName=NetJ?_2 Pin=J?-2
Added Net: Name=NetJ?_2
Added Pin To Net: NetName=NetJ?_3 Pin=J?-3
Added Net: Name=NetJ?_3
Added Pin To Net: NetName=NetJ?_4 Pin=J?-4
Added Net: Name=NetJ?_4
Added Net: Name=NetJ?_5
Added Net: Name=NetJ?_6
Added Net: Name=NetJ?_7
Added Net: Name=NetJ?_8
Added Net: Name=NetJ?_9
Added Net: Name=NetJ?_10
Added Net: Name=NetJ?_11
Added Pin To Net: NetName=NetK?_4 Pin=R?-2
Added Pin To Net: NetName=NetK?_4 Pin=U?-2
Added Net: Name=NetK?_4
Add Net: Net with name "NetK?_4" already exists
Add Net: Net with name "NetK?_4" already exists
Add Net: Net with name "NetK?_4" already exists
Add Net: Net with name "NetK?_4" already exists
Add Net: Net with name "NetK?_4" already exists
Added Pin To Net: NetName=NetK?_10 Pin=R?-1
Added Pin To Net: NetName=NetK?_10 Pin=U?-6
Added Net: Name=NetK?_10
Add Net: Net with name "NetK?_10" already exists
Add Net: Net with name "NetK?_10" already exists
Add Net: Net with name "NetK?_10" already exists
Add Net: Net with name "NetK?_10" already exists
Add Net: Net with name "NetK?_10" already exists
Added Pin To Net: NetName=Out Pin=J?-1
Added Net: Name=Out
Added Pin To Net: NetName=VCC Pin=R?-2
Added Pin To Net: NetName=VCC Pin=U?-7
Added Pin To Net: NetName=VCC Pin=U?-7
Added Pin To Net: NetName=VCC Pin=U?-7
Added Pin To Net: NetName=VCC Pin=U?-7
Added Pin To Net: NetName=VCC Pin=U?-7
Added Pin To Net: NetName=VCC Pin=U?-7
Added Net: Name=VCC
Added Pin To Net: NetName=Vref Pin=R?-1
Added Pin To Net: NetName=Vref Pin=R?-2
Added Pin To Net: NetName=Vref Pin=U?-3
Added Pin To Net: NetName=Vref Pin=U?-3
Added Pin To Net: NetName=Vref Pin=U?-3
Added Pin To Net: NetName=Vref Pin=U?-3
Added Pin To Net: NetName=Vref Pin=U?-3
Added Pin To Net: NetName=Vref Pin=U?-3
Added Net: Name=Vref
Added Class: Name=Amp_schem
