Removed Pin From Net: NetName=GND Pin=C2-1
Removed Pin From Net: NetName=VCC Pin=C2-2
Removed Pin From Net: NetName=GND Pin=C4-1
Removed Pin From Net: NetName=VCC Pin=C4-2
Removed Pin From Net: NetName=GND Pin=C5-1
Removed Pin From Net: NetName=VCC Pin=C5-2
Removed Pin From Net: NetName=GND Pin=C6-1
Removed Pin From Net: NetName=VCC Pin=C6-2
Removed Pin From Net: NetName=GND Pin=C7-1
Removed Pin From Net: NetName=VCC Pin=C7-2
Removed Pin From Net: NetName=K2+ Pin=K2-1
Removed Pin From Net: NetName=Vref Pin=K2-3
Removed Pin From Net: NetName=Out Pin=K2-4
Removed Pin From Net: NetName=In Pin=K2-5
Removed Pin From Net: NetName=NetK2_8 Pin=K2-8
Removed Pin From Net: NetName=Vref Pin=K2-10
Removed Pin From Net: NetName=K2- Pin=K2-12
Removed Pin From Net: NetName=K3+ Pin=K3-1
Removed Pin From Net: NetName=Vref Pin=K3-3
Removed Pin From Net: NetName=Out Pin=K3-4
Removed Pin From Net: NetName=In Pin=K3-5
Removed Pin From Net: NetName=NetK3_8 Pin=K3-8
Removed Pin From Net: NetName=Vref Pin=K3-10
Removed Pin From Net: NetName=K3- Pin=K3-12
Removed Pin From Net: NetName=K4+ Pin=K4-1
Removed Pin From Net: NetName=Vref Pin=K4-3
Removed Pin From Net: NetName=Out Pin=K4-4
Removed Pin From Net: NetName=In Pin=K4-5
Removed Pin From Net: NetName=NetK4_8 Pin=K4-8
Removed Pin From Net: NetName=Vref Pin=K4-10
Removed Pin From Net: NetName=K4- Pin=K4-12
Removed Pin From Net: NetName=K5+ Pin=K5-1
Removed Pin From Net: NetName=Vref Pin=K5-3
Removed Pin From Net: NetName=Out Pin=K5-4
Removed Pin From Net: NetName=In Pin=K5-5
Removed Pin From Net: NetName=NetK5_8 Pin=K5-8
Removed Pin From Net: NetName=Vref Pin=K5-10
Removed Pin From Net: NetName=K5- Pin=K5-12
Removed Pin From Net: NetName=K6+ Pin=K6-1
Removed Pin From Net: NetName=Vref Pin=K6-3
Removed Pin From Net: NetName=Out Pin=K6-4
Removed Pin From Net: NetName=In Pin=K6-5
Removed Pin From Net: NetName=NetK6_8 Pin=K6-8
Removed Pin From Net: NetName=Vref Pin=K6-10
Removed Pin From Net: NetName=K6- Pin=K6-12
Removed Pin From Net: NetName=NetK2_8 Pin=R4-2
Removed Pin From Net: NetName=NetK3_8 Pin=R5-2
Removed Pin From Net: NetName=NetK4_8 Pin=R6-2
Removed Pin From Net: NetName=NetK5_8 Pin=R7-2
Removed Pin From Net: NetName=NetK6_8 Pin=R8-2
Removed Pin From Net: NetName=Vref Pin=U2-3
Removed Pin From Net: NetName=GND Pin=U2-4
Removed Pin From Net: NetName=NetK2_8 Pin=U2-6
Removed Pin From Net: NetName=VCC Pin=U2-7
Removed Pin From Net: NetName=Vref Pin=U4-3
Removed Pin From Net: NetName=GND Pin=U4-4
Removed Pin From Net: NetName=NetK3_8 Pin=U4-6
Removed Pin From Net: NetName=VCC Pin=U4-7
Removed Pin From Net: NetName=Vref Pin=U5-3
Removed Pin From Net: NetName=GND Pin=U5-4
Removed Pin From Net: NetName=NetK4_8 Pin=U5-6
Removed Pin From Net: NetName=VCC Pin=U5-7
Removed Pin From Net: NetName=Vref Pin=U6-3
Removed Pin From Net: NetName=GND Pin=U6-4
Removed Pin From Net: NetName=NetK5_8 Pin=U6-6
Removed Pin From Net: NetName=VCC Pin=U6-7
Removed Pin From Net: NetName=Vref Pin=U7-3
Removed Pin From Net: NetName=GND Pin=U7-4
Removed Pin From Net: NetName=NetK6_8 Pin=U7-6
Removed Pin From Net: NetName=VCC Pin=U7-7
Change Footprint: Cannot match pads with new footprint in component :J4 Footprint:HDR1X2
Add Component: Footprint Not Found Resistor 1/4
Add Component: Footprint Not Found Resistor 1/4
Add Component: Footprint Not Found Resistor 1/4
Add Component: Footprint Not Found Resistor 1/4
Add Component: Footprint Not Found Resistor 1/4
Add Component: Footprint Not Found Relay
Add Component: Footprint Not Found Relay
Add Component: Footprint Not Found Relay
Add Component: Footprint Not Found Relay
Add Component: Footprint Not Found Relay
Add Component: Footprint Not Found Resistor 0.4W
Add Component: Footprint Not Found Resistor 0.4W
Add Component: Footprint Not Found Resistor 0.4W
Add Component: Footprint Not Found Resistor 0.4W
Add Component: Footprint Not Found Resistor 0.4W
Add Component: Footprint Not Found P8
Add Component: Footprint Not Found P8
Add Component: Footprint Not Found P8
Add Component: Footprint Not Found P8
Add Component: Footprint Not Found P8
Add Pin To Net: Unknown Pin: Pin C2-1
Add Pin To Net: Unknown Pin: Pin C2-2
Add Pin To Net: Unknown Pin: Pin C4-1
Add Pin To Net: Unknown Pin: Pin C4-2
Add Pin To Net: Unknown Pin: Pin C5-1
Add Pin To Net: Unknown Pin: Pin C5-2
Add Pin To Net: Unknown Pin: Pin C6-1
Add Pin To Net: Unknown Pin: Pin C6-2
Add Pin To Net: Unknown Pin: Pin C7-1
Add Pin To Net: Unknown Pin: Pin C7-2
Add Pin To Net: Unknown Pin: Pin K2-1
Add Pin To Net: Unknown Pin: Pin K2-3
Add Pin To Net: Unknown Pin: Pin K2-5
Add Pin To Net: Unknown Pin: Pin K2-8
Add Pin To Net: Unknown Pin: Pin K2-9
Add Pin To Net: Unknown Pin: Pin K2-10
Add Pin To Net: Unknown Pin: Pin K2-12
Add Pin To Net: Unknown Pin: Pin K3-1
Add Pin To Net: Unknown Pin: Pin K3-3
Add Pin To Net: Unknown Pin: Pin K3-5
Add Pin To Net: Unknown Pin: Pin K3-8
Add Pin To Net: Unknown Pin: Pin K3-9
Add Pin To Net: Unknown Pin: Pin K3-10
Add Pin To Net: Unknown Pin: Pin K3-12
Add Pin To Net: Unknown Pin: Pin K4-1
Add Pin To Net: Unknown Pin: Pin K4-3
Add Pin To Net: Unknown Pin: Pin K4-5
Add Pin To Net: Unknown Pin: Pin K4-8
Add Pin To Net: Unknown Pin: Pin K4-9
Add Pin To Net: Unknown Pin: Pin K4-10
Add Pin To Net: Unknown Pin: Pin K4-12
Add Pin To Net: Unknown Pin: Pin K5-1
Add Pin To Net: Unknown Pin: Pin K5-3
Add Pin To Net: Unknown Pin: Pin K5-5
Add Pin To Net: Unknown Pin: Pin K5-8
Add Pin To Net: Unknown Pin: Pin K5-9
Add Pin To Net: Unknown Pin: Pin K5-10
Add Pin To Net: Unknown Pin: Pin K5-12
Add Pin To Net: Unknown Pin: Pin K6-1
Add Pin To Net: Unknown Pin: Pin K6-3
Add Pin To Net: Unknown Pin: Pin K6-5
Add Pin To Net: Unknown Pin: Pin K6-8
Add Pin To Net: Unknown Pin: Pin K6-9
Add Pin To Net: Unknown Pin: Pin K6-10
Add Pin To Net: Unknown Pin: Pin K6-12
Add Pin To Net: Unknown Pin: Pin R4-2
Add Pin To Net: Unknown Pin: Pin R5-2
Add Pin To Net: Unknown Pin: Pin R6-2
Add Pin To Net: Unknown Pin: Pin R7-2
Add Pin To Net: Unknown Pin: Pin R8-2
Add Pin To Net: Unknown Pin: Pin U2-3
Add Pin To Net: Unknown Pin: Pin U2-4
Add Pin To Net: Unknown Pin: Pin U2-6
Add Pin To Net: Unknown Pin: Pin U2-7
Add Pin To Net: Unknown Pin: Pin U4-3
Add Pin To Net: Unknown Pin: Pin U4-4
Add Pin To Net: Unknown Pin: Pin U4-6
Add Pin To Net: Unknown Pin: Pin U4-7
Add Pin To Net: Unknown Pin: Pin U5-3
Add Pin To Net: Unknown Pin: Pin U5-4
Add Pin To Net: Unknown Pin: Pin U5-6
Add Pin To Net: Unknown Pin: Pin U5-7
Add Pin To Net: Unknown Pin: Pin U6-3
Add Pin To Net: Unknown Pin: Pin U6-4
Add Pin To Net: Unknown Pin: Pin U6-6
Add Pin To Net: Unknown Pin: Pin U6-7
Add Pin To Net: Unknown Pin: Pin U7-3
Add Pin To Net: Unknown Pin: Pin U7-4
Add Pin To Net: Unknown Pin: Pin U7-6
Add Pin To Net: Unknown Pin: Pin U7-7
Added Net: Name=NetK2_4
Added Net: Name=NetK3_4
Added Net: Name=NetK4_4
Added Net: Name=NetK5_4
Added Net: Name=NetK6_4
